{"C:\\Jest\\Test 1.js": {"path":"C:\\Jest\\Test 1.js","statementMap":{"0":{"start":{"line":2,"column":4},"end":{"line":2,"column":39}},"1":{"start":{"line":6,"column":4},"end":{"line":6,"column":47}},"2":{"start":{"line":9,"column":0},"end":{"line":11,"column":1}}},"fnMap":{"0":{"name":"test1","decl":{"start":{"line":1,"column":9},"end":{"line":1,"column":14}},"loc":{"start":{"line":1,"column":21},"end":{"line":3,"column":1}},"line":1},"1":{"name":"test2","decl":{"start":{"line":5,"column":9},"end":{"line":5,"column":14}},"loc":{"start":{"line":5,"column":21},"end":{"line":7,"column":1}},"line":5}},"branchMap":{"0":{"loc":{"start":{"line":2,"column":11},"end":{"line":2,"column":39}},"type":"cond-expr","locations":[{"start":{"line":2,"column":25},"end":{"line":2,"column":31}},{"start":{"line":2,"column":32},"end":{"line":2,"column":39}}],"line":2},"1":{"loc":{"start":{"line":6,"column":11},"end":{"line":6,"column":47}},"type":"cond-expr","locations":[{"start":{"line":6,"column":26},"end":{"line":6,"column":37}},{"start":{"line":6,"column":38},"end":{"line":6,"column":47}}],"line":6}},"s":{"0":1,"1":1,"2":1},"f":{"0":1,"1":1},"b":{"0":[1,0],"1":[1,0]},"_coverageSchema":"43e27e138ebf9cfc5966b082cf9a028302ed4184","hash":"2de48f9fdb02b30550942f22e3321ba9d50e75ba"}
}
